<?xml version="1.0" encoding="UTF-8"?>
<testsuite name="ArrayListTest" tests="1" skipped="0" failures="0" errors="0" timestamp="2022-07-15T01:34:51" hostname="bag-yeongseung-ui-MacBookPro-2.local" time="0.008">
  <properties/>
  <testcase name="ArrayList_클래스가_존재한다()" classname="ArrayListTest" time="0.008"/>
  <system-out><![CDATA[]]></system-out>
  <system-err><![CDATA[]]></system-err>
</testsuite>
